0 info it worked if it ends with ok
1 verbose cli [ '/home/lukas/.nvm/versions/node/v7.3.0/bin/node',
1 verbose cli   '/home/lukas/.nvm/versions/node/v7.3.0/bin/npm',
1 verbose cli   'run',
1 verbose cli   'lint-fix' ]
2 info using npm@3.10.10
3 info using node@v7.3.0
4 verbose run-script [ 'prelint-fix', 'lint-fix', 'postlint-fix' ]
5 info lifecycle nextjsfirebase@0.0.4~prelint-fix: nextjsfirebase@0.0.4
6 silly lifecycle nextjsfirebase@0.0.4~prelint-fix: no script for prelint-fix, continuing
7 info lifecycle nextjsfirebase@0.0.4~lint-fix: nextjsfirebase@0.0.4
8 verbose lifecycle nextjsfirebase@0.0.4~lint-fix: unsafe-perm in lifecycle true
9 verbose lifecycle nextjsfirebase@0.0.4~lint-fix: PATH: /home/lukas/.nvm/versions/node/v7.3.0/lib/node_modules/npm/bin/node-gyp-bin:/home/lukas/Dokumente/nextjsfirebase/node_modules/.bin:/home/lukas/.nvm/versions/node/v7.3.0/bin:/home/lukas/bin:/home/lukas/.local/bin:/usr/local/sbin:/usr/local/bin:/usr/sbin:/usr/bin:/sbin:/bin:/usr/games:/usr/local/games:/home/lukas/Android/Sdk/tools:/home/lukas/Android/Sdk/platform-tools
10 verbose lifecycle nextjsfirebase@0.0.4~lint-fix: CWD: /home/lukas/Dokumente/nextjsfirebase
11 silly lifecycle nextjsfirebase@0.0.4~lint-fix: Args: [ '-c', 'standard --fix' ]
12 silly lifecycle nextjsfirebase@0.0.4~lint-fix: Returned: code: 1  signal: null
13 info lifecycle nextjsfirebase@0.0.4~lint-fix: Failed to exec lint-fix script
14 verbose stack Error: nextjsfirebase@0.0.4 lint-fix: `standard --fix`
14 verbose stack Exit status 1
14 verbose stack     at EventEmitter.<anonymous> (/home/lukas/.nvm/versions/node/v7.3.0/lib/node_modules/npm/lib/utils/lifecycle.js:255:16)
14 verbose stack     at emitTwo (events.js:106:13)
14 verbose stack     at EventEmitter.emit (events.js:191:7)
14 verbose stack     at ChildProcess.<anonymous> (/home/lukas/.nvm/versions/node/v7.3.0/lib/node_modules/npm/lib/utils/spawn.js:40:14)
14 verbose stack     at emitTwo (events.js:106:13)
14 verbose stack     at ChildProcess.emit (events.js:191:7)
14 verbose stack     at maybeClose (internal/child_process.js:885:16)
14 verbose stack     at Process.ChildProcess._handle.onexit (internal/child_process.js:226:5)
15 verbose pkgid nextjsfirebase@0.0.4
16 verbose cwd /home/lukas/Dokumente/nextjsfirebase
17 error Linux 4.4.0-62-generic
18 error argv "/home/lukas/.nvm/versions/node/v7.3.0/bin/node" "/home/lukas/.nvm/versions/node/v7.3.0/bin/npm" "run" "lint-fix"
19 error node v7.3.0
20 error npm  v3.10.10
21 error code ELIFECYCLE
22 error nextjsfirebase@0.0.4 lint-fix: `standard --fix`
22 error Exit status 1
23 error Failed at the nextjsfirebase@0.0.4 lint-fix script 'standard --fix'.
23 error Make sure you have the latest version of node.js and npm installed.
23 error If you do, this is most likely a problem with the nextjsfirebase package,
23 error not with npm itself.
23 error Tell the author that this fails on your system:
23 error     standard --fix
23 error You can get information on how to open an issue for this project with:
23 error     npm bugs nextjsfirebase
23 error Or if that isn't available, you can get their info via:
23 error     npm owner ls nextjsfirebase
23 error There is likely additional logging output above.
24 verbose exit [ 1, true ]
